info: Listening on port 3000...
info: Connected to mongodb://localhost/statesandlgas....
info: null
info: { _id: 5cf551dd5a6cc622a89ae243, stateName: 'Abia', __v: 0 }
error: undefined {"driver":true,"name":"MongoError","index":0,"code":11000,"errmsg":"E11000 duplicate key error collection: statesandlgas.states index: Id_1 dup key: { : null }"}
info: Listening on port 3000...
info: Connected to mongodb://localhost/statesandlgas....
info: { _id: 5cf551dd5a6cc622a89ae243, stateName: 'Abia', __v: 0 }
info: null
error: undefined {"driver":true,"name":"MongoError","index":0,"code":11000,"errmsg":"E11000 duplicate key error collection: statesandlgas.states index: Id_1 dup key: { : null }"}
info: Listening on port 3000...
info: Connected to mongodb://localhost/statesandlgas....
info: Listening on port 3000...
info: Connected to mongodb://localhost/statesandlgas....
info: null
info: null
info: null
info: { _id: 5cf694d88ff596347c5fdad7, stateName: 'Anambra', __v: 0 }
info: Listening on port 3000...
info: Connected to mongodb://localhost/statesandlgas....
info: Listening on port 3000...
info: Connected to mongodb://localhost/statesandlgas....
info: Listening on port 3000...
info: Connected to mongodb://localhost/statesandlgas....
info: Listening on port 3000...
info: Connected to mongodb://localhost/statesandlgas....
